2018-03-21 09:14:20,247 INFO  ~ Starting E:\myCode\sp2p_bank  ~ play.Logger.info(Logger.java:289) ~ play ~ 0
2018-03-21 09:14:21,384 WARN  ~ You're running Play! in DEV mode  ~ play.Logger.warn(Logger.java:344) ~ play ~ 1137
2018-03-21 09:14:21,497 INFO  ~ Listening for HTTP on port 9000 (Waiting a first request to start) ...  ~ play.Logger.info(Logger.java:289) ~ play ~ 1250
2018-03-21 09:14:28,630 WARN  ~ Ignoring  (static params must be specified as key:'value',...)  ~ play.Logger.warn(Logger.java:344) ~ play ~ 8383
2018-03-21 09:14:46,110 INFO  ~ Connected to jdbc:mysql://127.0.0.1/p2p_bank?useUnicode=yes&characterEncoding=UTF-8&connectionCollation=utf8_general_ci  ~ play.Logger.info(Logger.java:289) ~ play ~ 25863
2018-03-21 09:14:49,084 INFO  ~ Application 'sp2p_bank' is now started !  ~ play.Logger.info(Logger.java:289) ~ play ~ 28837
2018-03-21 09:14:49,618 DEBUG ~ select t_system_o0_.id as id36_, t_system_o0_._key as column2_36_, t_system_o0_._value as column3_36_, t_system_o0_.description as descript4_36_ from t_system_options t_system_o0_ order by t_system_o0_.id  ~ org.hibernate.jdbc.util.SQLStatementLogger.logStatement(SQLStatementLogger.java:111) ~ org.hibernate.SQL ~ 29371
2018-03-21 09:14:50,165 DEBUG ~ select t_content_0_._key as col_0_0_, t_content_0_.title as col_1_0_, t_content_0_.url as col_2_0_, t_content_0_.target as col_3_0_ from t_content_advertisements_links t_content_0_ where t_content_0_.status=0 order by t_content_0_._order  ~ org.hibernate.jdbc.util.SQLStatementLogger.logStatement(SQLStatementLogger.java:111) ~ org.hibernate.SQL ~ 29918
2018-03-21 09:14:50,264 DEBUG ~ select t_dict_ad_0_.id as id21_, t_dict_ad_0_.name as name21_ from t_dict_ad_provinces t_dict_ad_0_  ~ org.hibernate.jdbc.util.SQLStatementLogger.logStatement(SQLStatementLogger.java:111) ~ org.hibernate.SQL ~ 30017
2018-03-21 09:14:50,390 DEBUG ~ select t_dict_ad_0_.id as id61_, t_dict_ad_0_.name as name61_, t_dict_ad_0_.province_id as province3_61_ from t_dict_ad_citys t_dict_ad_0_  ~ org.hibernate.jdbc.util.SQLStatementLogger.logStatement(SQLStatementLogger.java:111) ~ org.hibernate.SQL ~ 30143
2018-03-21 15:31:17,553 INFO  ~ Starting E:\myCode\sp2p_bank  ~ play.Logger.info(Logger.java:289) ~ play ~ 0
2018-03-21 15:31:19,777 WARN  ~ You're running Play! in DEV mode  ~ play.Logger.warn(Logger.java:344) ~ play ~ 2224
2018-03-21 15:31:19,911 INFO  ~ Listening for HTTP on port 9000 (Waiting a first request to start) ...  ~ play.Logger.info(Logger.java:289) ~ play ~ 2358
2018-03-21 15:31:30,382 WARN  ~ Ignoring  (static params must be specified as key:'value',...)  ~ play.Logger.warn(Logger.java:344) ~ play ~ 12829
2018-03-21 15:31:53,034 INFO  ~ Connected to jdbc:mysql://127.0.0.1/p2p_bank?useUnicode=yes&characterEncoding=UTF-8&connectionCollation=utf8_general_ci  ~ play.Logger.info(Logger.java:289) ~ play ~ 35481
2018-03-21 15:31:56,779 INFO  ~ Application 'sp2p_bank' is now started !  ~ play.Logger.info(Logger.java:289) ~ play ~ 39226
2018-03-21 15:31:57,548 DEBUG ~ select t_system_o0_.id as id36_, t_system_o0_._key as column2_36_, t_system_o0_._value as column3_36_, t_system_o0_.description as descript4_36_ from t_system_options t_system_o0_ order by t_system_o0_.id  ~ org.hibernate.jdbc.util.SQLStatementLogger.logStatement(SQLStatementLogger.java:111) ~ org.hibernate.SQL ~ 39995
2018-03-21 15:31:57,922 DEBUG ~ select t_content_0_._key as col_0_0_, t_content_0_.title as col_1_0_, t_content_0_.url as col_2_0_, t_content_0_.target as col_3_0_ from t_content_advertisements_links t_content_0_ where t_content_0_.status=0 order by t_content_0_._order  ~ org.hibernate.jdbc.util.SQLStatementLogger.logStatement(SQLStatementLogger.java:111) ~ org.hibernate.SQL ~ 40369
2018-03-21 15:31:58,067 DEBUG ~ select t_dict_ad_0_.id as id21_, t_dict_ad_0_.name as name21_ from t_dict_ad_provinces t_dict_ad_0_  ~ org.hibernate.jdbc.util.SQLStatementLogger.logStatement(SQLStatementLogger.java:111) ~ org.hibernate.SQL ~ 40514
2018-03-21 15:31:58,111 DEBUG ~ select t_dict_ad_0_.id as id61_, t_dict_ad_0_.name as name61_, t_dict_ad_0_.province_id as province3_61_ from t_dict_ad_citys t_dict_ad_0_  ~ org.hibernate.jdbc.util.SQLStatementLogger.logStatement(SQLStatementLogger.java:111) ~ org.hibernate.SQL ~ 40558
2018-03-21 15:41:32,187 INFO  ~ Starting E:\myCode\sp2p_bank  ~ play.Logger.info(Logger.java:289) ~ play ~ 0
2018-03-21 15:41:33,375 WARN  ~ You're running Play! in DEV mode  ~ play.Logger.warn(Logger.java:344) ~ play ~ 1188
2018-03-21 15:41:33,496 INFO  ~ Listening for HTTP on port 9000 (Waiting a first request to start) ...  ~ play.Logger.info(Logger.java:289) ~ play ~ 1309
2018-03-21 15:41:47,146 WARN  ~ Ignoring  (static params must be specified as key:'value',...)  ~ play.Logger.warn(Logger.java:344) ~ play ~ 14959
2018-03-21 15:41:58,339 INFO  ~ Connected to jdbc:mysql://127.0.0.1/p2p_bank?useUnicode=yes&characterEncoding=UTF-8&connectionCollation=utf8_general_ci  ~ play.Logger.info(Logger.java:289) ~ play ~ 26152
2018-03-21 15:42:00,554 INFO  ~ Application 'sp2p_bank' is now started !  ~ play.Logger.info(Logger.java:289) ~ play ~ 28367
2018-03-21 15:42:01,077 DEBUG ~ select t_system_o0_.id as id36_, t_system_o0_._key as column2_36_, t_system_o0_._value as column3_36_, t_system_o0_.description as descript4_36_ from t_system_options t_system_o0_ order by t_system_o0_.id  ~ org.hibernate.jdbc.util.SQLStatementLogger.logStatement(SQLStatementLogger.java:111) ~ org.hibernate.SQL ~ 28890
2018-03-21 15:42:01,187 DEBUG ~ select t_content_0_._key as col_0_0_, t_content_0_.title as col_1_0_, t_content_0_.url as col_2_0_, t_content_0_.target as col_3_0_ from t_content_advertisements_links t_content_0_ where t_content_0_.status=0 order by t_content_0_._order  ~ org.hibernate.jdbc.util.SQLStatementLogger.logStatement(SQLStatementLogger.java:111) ~ org.hibernate.SQL ~ 29000
2018-03-21 15:42:01,205 DEBUG ~ select t_dict_ad_0_.id as id21_, t_dict_ad_0_.name as name21_ from t_dict_ad_provinces t_dict_ad_0_  ~ org.hibernate.jdbc.util.SQLStatementLogger.logStatement(SQLStatementLogger.java:111) ~ org.hibernate.SQL ~ 29018
2018-03-21 15:42:01,214 DEBUG ~ select t_dict_ad_0_.id as id61_, t_dict_ad_0_.name as name61_, t_dict_ad_0_.province_id as province3_61_ from t_dict_ad_citys t_dict_ad_0_  ~ org.hibernate.jdbc.util.SQLStatementLogger.logStatement(SQLStatementLogger.java:111) ~ org.hibernate.SQL ~ 29027
2018-03-21 15:48:24,280 INFO  ~ Starting E:\myCode\sp2p_bank  ~ play.Logger.info(Logger.java:289) ~ play ~ 0
2018-03-21 15:48:25,502 WARN  ~ You're running Play! in DEV mode  ~ play.Logger.warn(Logger.java:344) ~ play ~ 1222
2018-03-21 15:48:25,625 INFO  ~ Listening for HTTP on port 9000 (Waiting a first request to start) ...  ~ play.Logger.info(Logger.java:289) ~ play ~ 1345
2018-03-21 15:48:46,089 WARN  ~ Ignoring  (static params must be specified as key:'value',...)  ~ play.Logger.warn(Logger.java:344) ~ play ~ 21809
2018-03-21 15:48:57,669 INFO  ~ Connected to jdbc:mysql://127.0.0.1/p2p_bank?useUnicode=yes&characterEncoding=UTF-8&connectionCollation=utf8_general_ci  ~ play.Logger.info(Logger.java:289) ~ play ~ 33389
2018-03-21 15:48:59,981 INFO  ~ Application 'sp2p_bank' is now started !  ~ play.Logger.info(Logger.java:289) ~ play ~ 35701
2018-03-21 15:49:00,501 DEBUG ~ select t_system_o0_.id as id36_, t_system_o0_._key as column2_36_, t_system_o0_._value as column3_36_, t_system_o0_.description as descript4_36_ from t_system_options t_system_o0_ order by t_system_o0_.id  ~ org.hibernate.jdbc.util.SQLStatementLogger.logStatement(SQLStatementLogger.java:111) ~ org.hibernate.SQL ~ 36221
2018-03-21 15:49:00,627 DEBUG ~ select t_content_0_._key as col_0_0_, t_content_0_.title as col_1_0_, t_content_0_.url as col_2_0_, t_content_0_.target as col_3_0_ from t_content_advertisements_links t_content_0_ where t_content_0_.status=0 order by t_content_0_._order  ~ org.hibernate.jdbc.util.SQLStatementLogger.logStatement(SQLStatementLogger.java:111) ~ org.hibernate.SQL ~ 36347
2018-03-21 15:49:00,762 DEBUG ~ select t_dict_ad_0_.id as id21_, t_dict_ad_0_.name as name21_ from t_dict_ad_provinces t_dict_ad_0_  ~ org.hibernate.jdbc.util.SQLStatementLogger.logStatement(SQLStatementLogger.java:111) ~ org.hibernate.SQL ~ 36482
2018-03-21 15:49:00,770 DEBUG ~ select t_dict_ad_0_.id as id61_, t_dict_ad_0_.name as name61_, t_dict_ad_0_.province_id as province3_61_ from t_dict_ad_citys t_dict_ad_0_  ~ org.hibernate.jdbc.util.SQLStatementLogger.logStatement(SQLStatementLogger.java:111) ~ org.hibernate.SQL ~ 36490
2018-03-21 16:37:30,121 INFO  ~ Starting E:\myCode\sp2p_bank  ~ play.Logger.info(Logger.java:289) ~ play ~ 0
2018-03-21 16:37:31,260 WARN  ~ You're running Play! in DEV mode  ~ play.Logger.warn(Logger.java:344) ~ play ~ 1139
2018-03-21 16:37:31,380 INFO  ~ Listening for HTTP on port 9000 (Waiting a first request to start) ...  ~ play.Logger.info(Logger.java:289) ~ play ~ 1259
2018-03-21 16:37:38,193 WARN  ~ Ignoring  (static params must be specified as key:'value',...)  ~ play.Logger.warn(Logger.java:344) ~ play ~ 8072
2018-03-21 16:37:49,061 INFO  ~ Connected to jdbc:mysql://127.0.0.1/p2p_bank?useUnicode=yes&characterEncoding=UTF-8&connectionCollation=utf8_general_ci  ~ play.Logger.info(Logger.java:289) ~ play ~ 18940
2018-03-21 16:37:51,252 INFO  ~ Application 'sp2p_bank' is now started !  ~ play.Logger.info(Logger.java:289) ~ play ~ 21131
2018-03-21 16:37:51,743 DEBUG ~ select t_system_o0_.id as id36_, t_system_o0_._key as column2_36_, t_system_o0_._value as column3_36_, t_system_o0_.description as descript4_36_ from t_system_options t_system_o0_ order by t_system_o0_.id  ~ org.hibernate.jdbc.util.SQLStatementLogger.logStatement(SQLStatementLogger.java:111) ~ org.hibernate.SQL ~ 21622
2018-03-21 16:37:51,892 DEBUG ~ select t_content_0_._key as col_0_0_, t_content_0_.title as col_1_0_, t_content_0_.url as col_2_0_, t_content_0_.target as col_3_0_ from t_content_advertisements_links t_content_0_ where t_content_0_.status=0 order by t_content_0_._order  ~ org.hibernate.jdbc.util.SQLStatementLogger.logStatement(SQLStatementLogger.java:111) ~ org.hibernate.SQL ~ 21771
2018-03-21 16:37:51,980 DEBUG ~ select t_dict_ad_0_.id as id21_, t_dict_ad_0_.name as name21_ from t_dict_ad_provinces t_dict_ad_0_  ~ org.hibernate.jdbc.util.SQLStatementLogger.logStatement(SQLStatementLogger.java:111) ~ org.hibernate.SQL ~ 21859
2018-03-21 16:37:51,989 DEBUG ~ select t_dict_ad_0_.id as id61_, t_dict_ad_0_.name as name61_, t_dict_ad_0_.province_id as province3_61_ from t_dict_ad_citys t_dict_ad_0_  ~ org.hibernate.jdbc.util.SQLStatementLogger.logStatement(SQLStatementLogger.java:111) ~ org.hibernate.SQL ~ 21868
2018-03-21 16:58:15,825 INFO  ~ Starting E:\myCode\sp2p_bank  ~ play.Logger.info(Logger.java:289) ~ play ~ 0
2018-03-21 16:58:16,982 WARN  ~ You're running Play! in DEV mode  ~ play.Logger.warn(Logger.java:344) ~ play ~ 1157
2018-03-21 16:58:17,101 INFO  ~ Listening for HTTP on port 9000 (Waiting a first request to start) ...  ~ play.Logger.info(Logger.java:289) ~ play ~ 1276
2018-03-21 16:58:39,348 WARN  ~ Ignoring  (static params must be specified as key:'value',...)  ~ play.Logger.warn(Logger.java:344) ~ play ~ 23523
2018-03-21 16:58:51,280 INFO  ~ Connected to jdbc:mysql://127.0.0.1/p2p_bank?useUnicode=yes&characterEncoding=UTF-8&connectionCollation=utf8_general_ci  ~ play.Logger.info(Logger.java:289) ~ play ~ 35455
2018-03-21 16:58:53,585 INFO  ~ Application 'sp2p_bank' is now started !  ~ play.Logger.info(Logger.java:289) ~ play ~ 37760
2018-03-21 16:58:54,158 DEBUG ~ select t_system_o0_.id as id36_, t_system_o0_._key as column2_36_, t_system_o0_._value as column3_36_, t_system_o0_.description as descript4_36_ from t_system_options t_system_o0_ order by t_system_o0_.id  ~ org.hibernate.jdbc.util.SQLStatementLogger.logStatement(SQLStatementLogger.java:111) ~ org.hibernate.SQL ~ 38333
2018-03-21 16:58:54,261 DEBUG ~ select t_content_0_._key as col_0_0_, t_content_0_.title as col_1_0_, t_content_0_.url as col_2_0_, t_content_0_.target as col_3_0_ from t_content_advertisements_links t_content_0_ where t_content_0_.status=0 order by t_content_0_._order  ~ org.hibernate.jdbc.util.SQLStatementLogger.logStatement(SQLStatementLogger.java:111) ~ org.hibernate.SQL ~ 38436
2018-03-21 16:58:54,281 DEBUG ~ select t_dict_ad_0_.id as id21_, t_dict_ad_0_.name as name21_ from t_dict_ad_provinces t_dict_ad_0_  ~ org.hibernate.jdbc.util.SQLStatementLogger.logStatement(SQLStatementLogger.java:111) ~ org.hibernate.SQL ~ 38456
2018-03-21 16:58:54,291 DEBUG ~ select t_dict_ad_0_.id as id61_, t_dict_ad_0_.name as name61_, t_dict_ad_0_.province_id as province3_61_ from t_dict_ad_citys t_dict_ad_0_  ~ org.hibernate.jdbc.util.SQLStatementLogger.logStatement(SQLStatementLogger.java:111) ~ org.hibernate.SQL ~ 38466
2018-03-21 17:01:02,041 INFO  ~ Starting E:\myCode\sp2p_bank  ~ play.Logger.info(Logger.java:289) ~ play ~ 0
2018-03-21 17:01:03,278 WARN  ~ You're running Play! in DEV mode  ~ play.Logger.warn(Logger.java:344) ~ play ~ 1237
2018-03-21 17:01:03,402 INFO  ~ Listening for HTTP on port 9000 (Waiting a first request to start) ...  ~ play.Logger.info(Logger.java:289) ~ play ~ 1361
2018-03-21 17:01:07,075 WARN  ~ Ignoring  (static params must be specified as key:'value',...)  ~ play.Logger.warn(Logger.java:344) ~ play ~ 5034
2018-03-21 17:01:18,464 INFO  ~ Connected to jdbc:mysql://127.0.0.1/p2p_bank?useUnicode=yes&characterEncoding=UTF-8&connectionCollation=utf8_general_ci  ~ play.Logger.info(Logger.java:289) ~ play ~ 16423
2018-03-21 17:01:20,999 INFO  ~ Application 'sp2p_bank' is now started !  ~ play.Logger.info(Logger.java:289) ~ play ~ 18958
2018-03-21 17:01:21,443 DEBUG ~ select t_system_o0_.id as id36_, t_system_o0_._key as column2_36_, t_system_o0_._value as column3_36_, t_system_o0_.description as descript4_36_ from t_system_options t_system_o0_ order by t_system_o0_.id  ~ org.hibernate.jdbc.util.SQLStatementLogger.logStatement(SQLStatementLogger.java:111) ~ org.hibernate.SQL ~ 19402
2018-03-21 17:01:21,592 DEBUG ~ select t_content_0_._key as col_0_0_, t_content_0_.title as col_1_0_, t_content_0_.url as col_2_0_, t_content_0_.target as col_3_0_ from t_content_advertisements_links t_content_0_ where t_content_0_.status=0 order by t_content_0_._order  ~ org.hibernate.jdbc.util.SQLStatementLogger.logStatement(SQLStatementLogger.java:111) ~ org.hibernate.SQL ~ 19551
2018-03-21 17:01:21,646 DEBUG ~ select t_dict_ad_0_.id as id21_, t_dict_ad_0_.name as name21_ from t_dict_ad_provinces t_dict_ad_0_  ~ org.hibernate.jdbc.util.SQLStatementLogger.logStatement(SQLStatementLogger.java:111) ~ org.hibernate.SQL ~ 19605
2018-03-21 17:01:21,655 DEBUG ~ select t_dict_ad_0_.id as id61_, t_dict_ad_0_.name as name61_, t_dict_ad_0_.province_id as province3_61_ from t_dict_ad_citys t_dict_ad_0_  ~ org.hibernate.jdbc.util.SQLStatementLogger.logStatement(SQLStatementLogger.java:111) ~ org.hibernate.SQL ~ 19614
